[15:31:18] [main/INFO]: Extra: [--tweakClass, dev.lofiz.clientbase.mixins.ClientTweaker]
[15:31:18] [main/INFO]: Running with arguments: [--userProperties, {}, --assetsDir, C:/Users/siamb/.gradle/caches/minecraft/assets, --assetIndex, 1.8, --accessToken{REDACTED}, --version, 1.8.9, --tweakClass, dev.lofiz.clientbase.mixins.ClientTweaker]
[15:31:18] [main/INFO]: Loading tweak class name dev.lofiz.clientbase.mixins.ClientTweaker
[15:31:18] [main/INFO]: Using primary tweak class name dev.lofiz.clientbase.mixins.ClientTweaker
[15:31:18] [main/INFO]: Calling tweak class dev.lofiz.clientbase.mixins.ClientTweaker
[15:31:18] [main/INFO]: SpongePowered MIXIN Subsystem Version=0.7.11 Source=file:/C:/Users/siamb/.gradle/caches/modules-2/files-2.1/org.spongepowered/mixin/0.7.11-SNAPSHOT/7a670207bdb97db418118ad1e9bb42424ff3776d/mixin-0.7.11-SNAPSHOT.jar Service=LaunchWrapper Env=UNKNOWN
[15:31:18] [main/INFO]: FML platform manager could not load class cpw.mods.fml.relauncher.CoreModManager. Proceeding without FML support.
[15:31:18] [main/WARN]: MixinEnvironment::addConfiguration is deprecated and will be removed. Use Mixins::addConfiguration instead!
[15:31:18] [main/INFO]: Compatibility level set to JAVA_8
[15:31:18] [main/ERROR]: Mixin config mixins.clientbase.json does not specify "minVersion" property
[15:31:18] [main/INFO]: Loading tweak class name org.spongepowered.asm.mixin.EnvironmentStateTweaker
[15:31:18] [main/INFO]: Calling tweak class org.spongepowered.asm.mixin.EnvironmentStateTweaker
[15:31:18] [main/WARN]: Reference map 'mixins.clientbase.refmap.json' for mixins.clientbase.json could not be read. If this is a development environment you can ignore this message
[15:31:18] [main/ERROR]: Classloader restrictions [PACKAGE_CLASSLOADER_EXCLUSION] encountered loading mixins.clientbase.json:client.MixinMinecraft, name: dev.lofiz.clientbase.mixins.client.MixinMinecraft
[15:31:18] [main/ERROR]: Classloader restrictions [PACKAGE_CLASSLOADER_EXCLUSION] encountered loading mixins.clientbase.json:client.gui.MixinGuiIngame, name: dev.lofiz.clientbase.mixins.client.gui.MixinGuiIngame
[15:31:19] [main/INFO]: Launching wrapped minecraft {net.minecraft.client.main.Main}
[15:31:19] [main/INFO]: Mixing client.MixinMinecraft from mixins.clientbase.json into net.minecraft.client.Minecraft
[15:31:20] [Client thread/INFO]: Setting user: Player687
[15:31:20] [Client thread/INFO]: (Session ID is token:FML:Player687)
[15:31:22] [Client thread/INFO]: LWJGL Version: 2.9.4
[15:31:23] [Client thread/INFO]: Reloading ResourceManager: Default
[15:31:23] [Sound Library Loader/INFO]: Starting up SoundSystem...
[15:31:23] [Thread-7/INFO]: Initializing LWJGL OpenAL
[15:31:23] [Thread-7/INFO]: (The LWJGL binding of OpenAL.  For more information, see http://www.lwjgl.org)
[15:31:23] [Thread-7/INFO]: OpenAL initialized.
[15:31:23] [Sound Library Loader/INFO]: Sound engine started
[15:31:25] [Client thread/INFO]: Created: 512x512 textures-atlas
[15:31:26] [Client thread/INFO]: Mixing client.gui.MixinGuiIngame from mixins.clientbase.json into net.minecraft.client.gui.GuiIngame
[15:31:28] [Server thread/INFO]: Starting integrated minecraft server version 1.8.9
[15:31:28] [Server thread/INFO]: Generating keypair
[15:31:29] [Server thread/INFO]: Preparing start region for level 0
[15:31:30] [Server thread/INFO]: Changing view distance to 8, from 10
[15:31:30] [Server thread/INFO]: Player687[local:E:59a3af1a] logged in with entity id 319 at (242.5660206769551, 92.0, 257.2416798790528)
[15:31:30] [Server thread/INFO]: Player687 joined the game
[15:31:32] [Server thread/INFO]: Saving and pausing game...
[15:31:32] [Server thread/INFO]: Saving chunks for level 'Test World'/Overworld
[15:31:32] [Server thread/INFO]: Saving chunks for level 'Test World'/Nether
[15:31:32] [Server thread/INFO]: Saving chunks for level 'Test World'/The End
[15:31:44] [Server thread/INFO]: Saving and pausing game...
[15:31:44] [Server thread/INFO]: Saving chunks for level 'Test World'/Overworld
[15:31:44] [Server thread/INFO]: Saving chunks for level 'Test World'/Nether
[15:31:44] [Server thread/INFO]: Saving chunks for level 'Test World'/The End
[15:31:54] [Server thread/INFO]: Saving and pausing game...
[15:31:54] [Server thread/INFO]: Saving chunks for level 'Test World'/Overworld
[15:31:55] [Server thread/INFO]: Saving chunks for level 'Test World'/Nether
[15:31:55] [Server thread/INFO]: Saving chunks for level 'Test World'/The End
[15:32:00] [Server thread/INFO]: Saving and pausing game...
[15:32:00] [Server thread/INFO]: Saving chunks for level 'Test World'/Overworld
[15:32:00] [Server thread/INFO]: Saving chunks for level 'Test World'/Nether
[15:32:00] [Server thread/INFO]: Saving chunks for level 'Test World'/The End
[15:32:05] [Server thread/INFO]: Saving and pausing game...
[15:32:05] [Server thread/INFO]: Saving chunks for level 'Test World'/Overworld
[15:32:05] [Server thread/INFO]: Saving chunks for level 'Test World'/Nether
[15:32:05] [Server thread/INFO]: Saving chunks for level 'Test World'/The End
[15:32:39] [Server thread/INFO]: Saving and pausing game...
[15:32:39] [Server thread/INFO]: Saving chunks for level 'Test World'/Overworld
[15:32:39] [Server thread/INFO]: Saving chunks for level 'Test World'/Nether
[15:32:39] [Server thread/INFO]: Saving chunks for level 'Test World'/The End
[15:32:41] [Server thread/INFO]: Saving and pausing game...
[15:32:41] [Server thread/INFO]: Saving chunks for level 'Test World'/Overworld
[15:32:41] [Server thread/INFO]: Saving chunks for level 'Test World'/Nether
[15:32:41] [Server thread/INFO]: Saving chunks for level 'Test World'/The End
[15:32:43] [Server thread/INFO]: Saving and pausing game...
[15:32:43] [Server thread/INFO]: Saving chunks for level 'Test World'/Overworld
[15:32:43] [Server thread/INFO]: Saving chunks for level 'Test World'/Nether
[15:32:43] [Server thread/INFO]: Saving chunks for level 'Test World'/The End
[15:32:45] [Server thread/INFO]: Saving and pausing game...
[15:32:45] [Server thread/INFO]: Saving chunks for level 'Test World'/Overworld
[15:32:45] [Server thread/INFO]: Saving chunks for level 'Test World'/Nether
[15:32:45] [Server thread/INFO]: Saving chunks for level 'Test World'/The End
[15:32:45] [Server thread/INFO]: Stopping server
[15:32:45] [Server thread/INFO]: Saving players
[15:32:45] [Server thread/INFO]: Saving worlds
[15:32:45] [Server thread/INFO]: Saving chunks for level 'Test World'/Overworld
[15:32:45] [Server thread/INFO]: Saving chunks for level 'Test World'/Nether
[15:32:45] [Server thread/INFO]: Saving chunks for level 'Test World'/The End
[15:32:46] [Client thread/INFO]: Stopping!
[15:32:46] [Client thread/INFO]: SoundSystem shutting down...
[15:32:46] [Client thread/WARN]: Author: Paul Lamb, www.paulscode.com
